#
# There is insufficient memory for the Java Runtime Environment to continue.
# Native memory allocation (malloc) failed to allocate 1048576 bytes for AllocateHeap
# Possible reasons:
#   The system is out of physical RAM or swap space
#   In 32 bit mode, the process size limit was hit
# Possible solutions:
#   Reduce memory load on the system
#   Increase physical memory or swap space
#   Check if swap backing store is full
#   Use 64 bit Java on a 64 bit OS
#   Decrease Java heap size (-Xmx/-Xms)
#   Decrease number of Java threads
#   Decrease Java thread stack sizes (-Xss)
#   Set larger code cache with -XX:ReservedCodeCacheSize=
# This output file may be truncated or incomplete.
#
#  Out of Memory Error (memory/allocation.inline.hpp:61), pid=5140, tid=0x000000000000121c
#
# JRE version:  (8.0_111-b14) (build )
# Java VM: Java HotSpot(TM) 64-Bit Server VM (25.111-b14 mixed mode windows-amd64 compressed oops)
# Failed to write core dump. Minidumps are not enabled by default on client versions of Windows
#

---------------  T H R E A D  ---------------

Current thread (0x0000000002c01000):  JavaThread "Unknown thread" [_thread_in_vm, id=4636, stack(0x0000000002a90000,0x0000000002b90000)]

Stack: [0x0000000002a90000,0x0000000002b90000]
[error occurred during error reporting (printing stack bounds), id 0xc0000005]

Native frames: (J=compiled Java code, j=interpreted, Vv=VM code, C=native code)


---------------  P R O C E S S  ---------------

Java Threads: ( => current thread )

Other Threads:

=>0x0000000002c01000 (exited) JavaThread "Unknown thread" [_thread_in_vm, id=4636, stack(0x0000000002a90000,0x0000000002b90000)]

VM state:not at safepoint (normal execution)

VM Mutex/Monitor currently owned by a thread: None

Heap:
 PSYoungGen      total 18944K, used 327K [0x00000000eb100000, 0x00000000ec600000, 0x0000000100000000)
  eden space 16384K, 2% used [0x00000000eb100000,0x00000000eb151ec8,0x00000000ec100000)
  from space 2560K, 0% used [0x00000000ec380000,0x00000000ec380000,0x00000000ec600000)
  to   space 2560K, 0% used [0x00000000ec100000,0x00000000ec100000,0x00000000ec380000)
 ParOldGen       total 44032K, used 0K [0x00000000c1200000, 0x00000000c3d00000, 0x00000000eb100000)
  object space 44032K, 0% used [0x00000000c1200000,0x00000000c1200000,0x00000000c3d00000)
 Metaspace       used 770K, capacity 4480K, committed 4480K, reserved 1056768K
  class space    used 75K, capacity 384K, committed 384K, reserved 1048576K

Card table byte_map: [0x00000000120c0000,0x00000000122c0000] byte_map_base: 0x0000000011ab7000

Marking Bits: (ParMarkBitMap*) 0x0000000063aba6c0
 Begin Bits: [0x0000000012810000, 0x00000000137c8000)
 End Bits:   [0x00000000137c8000, 0x0000000014780000)

Polling page: 0x00000000009f0000

CodeCache: size=245760Kb used=328Kb max_used=328Kb free=245431Kb
 bounds [0x0000000002d00000, 0x0000000002f70000, 0x0000000011d00000]
 total_blobs=58 nmethods=0 adapters=38
 compilation: enabled

Compilation events (0 events):
No events

GC Heap History (0 events):
No events

Deoptimization events (0 events):
No events

Internal exceptions (0 events):
No events

Events (10 events):
Event: 0.036 loading class java/lang/Short
Event: 0.036 loading class java/lang/Short done
Event: 0.036 loading class java/lang/Integer
Event: 0.037 loading class java/lang/Integer done
Event: 0.037 loading class java/lang/Long
Event: 0.037 loading class java/lang/Long done
Event: 0.038 loading class java/lang/NullPointerException
Event: 0.038 loading class java/lang/NullPointerException done
Event: 0.038 loading class java/lang/ArithmeticException
Event: 0.038 loading class java/lang/ArithmeticException done


Dynamic libraries:
0x00007ff601410000 - 0x00007ff601447000 	C:\Program Files\Java\jdk1.8.0_111\bin\java.exe
0x00007ffe75100000 - 0x00007ffe752f0000 	C:\WINDOWS\SYSTEM32\ntdll.dll
0x00007ffe747a0000 - 0x00007ffe74852000 	C:\WINDOWS\System32\KERNEL32.DLL
0x00007ffe72380000 - 0x00007ffe72624000 	C:\WINDOWS\System32\KERNELBASE.dll
0x00007ffe73f00000 - 0x00007ffe73fa3000 	C:\WINDOWS\System32\ADVAPI32.dll
0x00007ffe73cb0000 - 0x00007ffe73d4e000 	C:\WINDOWS\System32\msvcrt.dll
0x00007ffe73a30000 - 0x00007ffe73ac7000 	C:\WINDOWS\System32\sechost.dll
0x00007ffe74890000 - 0x00007ffe749b0000 	C:\WINDOWS\System32\RPCRT4.dll
0x00007ffe73d60000 - 0x00007ffe73ef4000 	C:\WINDOWS\System32\USER32.dll
0x00007ffe73180000 - 0x00007ffe731a1000 	C:\WINDOWS\System32\win32u.dll
0x00007ffe74a30000 - 0x00007ffe74a56000 	C:\WINDOWS\System32\GDI32.dll
0x00007ffe72fe0000 - 0x00007ffe73176000 	C:\WINDOWS\System32\gdi32full.dll
0x00007ffe722e0000 - 0x00007ffe7237e000 	C:\WINDOWS\System32\msvcp_win.dll
0x00007ffe72160000 - 0x00007ffe7225a000 	C:\WINDOWS\System32\ucrtbase.dll
0x00007ffe672a0000 - 0x00007ffe67524000 	C:\WINDOWS\WinSxS\amd64_microsoft.windows.common-controls_6595b64144ccf1df_6.0.18362.959_none_e6c7bbbf130c62bb\COMCTL32.dll
0x00007ffe74bb0000 - 0x00007ffe74ee5000 	C:\WINDOWS\System32\combase.dll
0x00007ffe72260000 - 0x00007ffe722e0000 	C:\WINDOWS\System32\bcryptPrimitives.dll
0x00007ffe74860000 - 0x00007ffe7488e000 	C:\WINDOWS\System32\IMM32.DLL
0x00000000631c0000 - 0x0000000063292000 	C:\Program Files\Java\jdk1.8.0_111\jre\bin\msvcr100.dll
0x00000000632a0000 - 0x0000000063b3a000 	C:\Program Files\Java\jdk1.8.0_111\jre\bin\server\jvm.dll
0x00007ffe74a20000 - 0x00007ffe74a28000 	C:\WINDOWS\System32\PSAPI.DLL
0x00007ffe6b300000 - 0x00007ffe6b309000 	C:\WINDOWS\SYSTEM32\WSOCK32.dll
0x00007ffe6eba0000 - 0x00007ffe6ebc4000 	C:\WINDOWS\SYSTEM32\WINMM.dll
0x00007ffe75050000 - 0x00007ffe750bf000 	C:\WINDOWS\System32\WS2_32.dll
0x00007ffe65390000 - 0x00007ffe6539a000 	C:\WINDOWS\SYSTEM32\VERSION.dll
0x00007ffe6eb70000 - 0x00007ffe6eb9d000 	C:\WINDOWS\SYSTEM32\WINMMBASE.dll
0x00007ffe72630000 - 0x00007ffe7267a000 	C:\WINDOWS\System32\cfgmgr32.dll
0x0000000063170000 - 0x000000006317f000 	C:\Program Files\Java\jdk1.8.0_111\jre\bin\verify.dll
0x0000000063140000 - 0x0000000063169000 	C:\Program Files\Java\jdk1.8.0_111\jre\bin\java.dll
0x0000000063120000 - 0x0000000063136000 	C:\Program Files\Java\jdk1.8.0_111\jre\bin\zip.dll

VM Arguments:
jvm_args: -Dfile.encoding=UTF-8 
java_command: Main
java_class_path (initial): C:\Users\Maimoona Khilji\NetBeansProjects\oop\build\classes
Launcher Type: SUN_STANDARD

Environment Variables:
PATH=C:\Program Files\Java\jdk1.8.0_111\bin;C:\Program Files\Java\jdk1.8.0_111\bin;C:\Users\Maimoona Khilji\Anaconda3\Scripts;C:\Users\Maimoona Khilji\Anaconda3;C:\Users\Maimoona Khilji\AppData\Local\Microsoft\WindowsApps;C:\Users\Maimoona Khilji\AppData\Local\Programs\Microsoft VS Code\bin;
USERNAME=Maimoona Khilji
OS=Windows_NT
PROCESSOR_IDENTIFIER=Intel64 Family 6 Model 69 Stepping 1, GenuineIntel



---------------  S Y S T E M  ---------------

OS: Windows 10.0 , 64 bit Build 18362 (10.0.18362.959)

CPU:total 4 (2 cores per cpu, 2 threads per core) family 6 model 69 stepping 1, cmov, cx8, fxsr, mmx, sse, sse2, sse3, ssse3, sse4.1, sse4.2, popcnt, avx, avx2, aes, clmul, erms, lzcnt, ht, tsc, tscinvbit, bmi1, bmi2

Memory: 4k page, physical 4113896k(378044k free), swap 12050020k(5404k free)

vm_info: Java HotSpot(TM) 64-Bit Server VM (25.111-b14) for windows-amd64 JRE (1.8.0_111-b14), built on Sep 22 2016 19:24:05 by "java_re" with MS VC++ 10.0 (VS2010)

time: Wed Aug 12 12:15:37 2020
elapsed time: 0 seconds (0d 0h 0m 0s)

